Started GET "/" for ::1 at 2021-05-10 17:47:46 -0400
  [1m[35m (1.4ms)[0m  [1m[34mSELECT sqlite_version(*)[0m
Processing by Rails::WelcomeController#index as HTML
  Rendering /home/alyssa/.rvm/gems/ruby-3.0.0/gems/railties-6.1.3.1/lib/rails/templates/rails/welcome/index.html.erb
  Rendered /home/alyssa/.rvm/gems/ruby-3.0.0/gems/railties-6.1.3.1/lib/rails/templates/rails/welcome/index.html.erb (Duration: 7.9ms | Allocations: 463)
Completed 200 OK in 16ms (Views: 10.8ms | ActiveRecord: 0.0ms | Allocations: 3922)


Started GET "/favicon.ico" for ::1 at 2021-05-10 17:47:46 -0400
  
ActionController::RoutingError (No route matches [GET] "/favicon.ico"):
  
Started GET "/api-docs" for ::1 at 2021-05-10 17:48:05 -0400
Started GET "/api-docs/index.html" for ::1 at 2021-05-10 17:48:05 -0400
Started GET "/api-docs/swagger-ui-bundle.js" for ::1 at 2021-05-10 17:48:05 -0400
Started GET "/api-docs/swagger-ui-standalone-preset.js" for ::1 at 2021-05-10 17:48:05 -0400
Started GET "/api-docs/swagger-ui.css" for ::1 at 2021-05-10 17:48:05 -0400
Started GET "/api-docs/v1/swagger.yaml" for ::1 at 2021-05-10 17:48:06 -0400
Started GET "/api-docs/favicon-32x32.png" for ::1 at 2021-05-10 17:48:06 -0400
  [1m[35m (0.4ms)[0m  [1m[34mSELECT sqlite_version(*)[0m
  [1m[35m (31.4ms)[0m  [1m[35mCREATE TABLE "schema_migrations" ("version" varchar NOT NULL PRIMARY KEY)[0m
  [1m[35m (26.2ms)[0m  [1m[35mCREATE TABLE "ar_internal_metadata" ("key" varchar NOT NULL PRIMARY KEY, "value" varchar, "created_at" datetime(6) NOT NULL, "updated_at" datetime(6) NOT NULL)[0m
  [1m[36mActiveRecord::InternalMetadata Load (0.2ms)[0m  [1m[34mSELECT "ar_internal_metadata".* FROM "ar_internal_metadata" WHERE "ar_internal_metadata"."key" = ? LIMIT ?[0m  [["key", "environment"], ["LIMIT", 1]]
  [1m[36mTRANSACTION (0.1ms)[0m  [1m[36mbegin transaction[0m
  [1m[36mActiveRecord::InternalMetadata Create (0.2ms)[0m  [1m[32mINSERT INTO "ar_internal_metadata" ("key", "value", "created_at", "updated_at") VALUES (?, ?, ?, ?)[0m  [["key", "environment"], ["value", "development"], ["created_at", "2021-05-10 22:34:44.308080"], ["updated_at", "2021-05-10 22:34:44.308080"]]
  [1m[36mTRANSACTION (24.8ms)[0m  [1m[36mcommit transaction[0m
  [1m[35m (0.0ms)[0m  [1m[34mSELECT sqlite_version(*)[0m
  [1m[35m (0.1ms)[0m  [1m[34mSELECT "schema_migrations"."version" FROM "schema_migrations" ORDER BY "schema_migrations"."version" ASC[0m
Started GET "/" for ::1 at 2021-05-10 18:41:28 -0400
  [1m[35m (0.5ms)[0m  [1m[34mSELECT sqlite_version(*)[0m
  [1m[35m (0.1ms)[0m  [1m[34mSELECT "schema_migrations"."version" FROM "schema_migrations" ORDER BY "schema_migrations"."version" ASC[0m
Processing by Rails::WelcomeController#index as HTML
  Rendering /home/alyssa/.rvm/gems/ruby-3.0.0/gems/railties-6.1.3.1/lib/rails/templates/rails/welcome/index.html.erb
  Rendered /home/alyssa/.rvm/gems/ruby-3.0.0/gems/railties-6.1.3.1/lib/rails/templates/rails/welcome/index.html.erb (Duration: 15.5ms | Allocations: 357)
Completed 200 OK in 21ms (Views: 17.5ms | ActiveRecord: 0.0ms | Allocations: 2801)


Started GET "/api-docs" for ::1 at 2021-05-10 18:41:34 -0400
Started GET "/api-docs/index.html" for ::1 at 2021-05-10 18:41:34 -0400
Started GET "/api-docs/swagger-ui-bundle.js" for ::1 at 2021-05-10 18:41:34 -0400
Started GET "/api-docs/swagger-ui-standalone-preset.js" for ::1 at 2021-05-10 18:41:34 -0400
Started GET "/api-docs/swagger-ui.css" for ::1 at 2021-05-10 18:41:34 -0400
Started GET "/api-docs/v1/swagger.yaml" for ::1 at 2021-05-10 18:41:35 -0400
  [1m[35m (0.3ms)[0m  [1m[34mSELECT sqlite_version(*)[0m
  [1m[35m (0.1ms)[0m  [1m[34mSELECT "schema_migrations"."version" FROM "schema_migrations" ORDER BY "schema_migrations"."version" ASC[0m
  [1m[35m (0.1ms)[0m  [1m[34mSELECT "schema_migrations"."version" FROM "schema_migrations" ORDER BY "schema_migrations"."version" ASC[0m
  [1m[35m (0.0ms)[0m  [1m[34mSELECT sqlite_version(*)[0m
  [1m[35m (0.1ms)[0m  [1m[34mSELECT "schema_migrations"."version" FROM "schema_migrations" ORDER BY "schema_migrations"."version" ASC[0m
Started GET "/api-docs/index.html" for ::1 at 2021-05-10 19:04:05 -0400
Started GET "/api-docs/swagger-ui-bundle.js" for ::1 at 2021-05-10 19:04:05 -0400
Started GET "/api-docs/swagger-ui-standalone-preset.js" for ::1 at 2021-05-10 19:04:05 -0400
Started GET "/api-docs/swagger-ui.css" for ::1 at 2021-05-10 19:04:05 -0400
Started GET "/api-docs/v1/swagger.yaml" for ::1 at 2021-05-10 19:04:05 -0400
Started GET "/api-docs/favicon-32x32.png" for ::1 at 2021-05-10 19:04:05 -0400
Started GET "/api-docs/index.html" for ::1 at 2021-05-10 19:04:29 -0400
  [1m[35m (0.4ms)[0m  [1m[34mSELECT sqlite_version(*)[0m
  [1m[35m (0.2ms)[0m  [1m[34mSELECT "schema_migrations"."version" FROM "schema_migrations" ORDER BY "schema_migrations"."version" ASC[0m
Started GET "/api-docs/swagger-ui.css" for ::1 at 2021-05-10 19:04:29 -0400
Started GET "/api-docs/swagger-ui-bundle.js" for ::1 at 2021-05-10 19:04:29 -0400
Started GET "/api-docs/swagger-ui-standalone-preset.js" for ::1 at 2021-05-10 19:04:29 -0400
Started GET "/api-docs/v1/swagger.yaml" for ::1 at 2021-05-10 19:04:30 -0400
Started GET "/api-docs/favicon-32x32.png" for ::1 at 2021-05-10 19:04:30 -0400
Started GET "/api-docs/index.html" for ::1 at 2021-05-10 19:04:32 -0400
Started GET "/api-docs/swagger-ui-standalone-preset.js" for ::1 at 2021-05-10 19:04:33 -0400
Started GET "/api-docs/swagger-ui-bundle.js" for ::1 at 2021-05-10 19:04:33 -0400
Started GET "/api-docs/swagger-ui.css" for ::1 at 2021-05-10 19:04:33 -0400
Started GET "/api-docs/v1/swagger.yaml" for ::1 at 2021-05-10 19:04:33 -0400
Started GET "/api-docs/favicon-32x32.png" for ::1 at 2021-05-10 19:04:33 -0400
Started GET "/api-docs/index.html" for ::1 at 2021-05-10 19:05:25 -0400
  [1m[35m (0.8ms)[0m  [1m[34mSELECT sqlite_version(*)[0m
  [1m[35m (0.1ms)[0m  [1m[34mSELECT "schema_migrations"."version" FROM "schema_migrations" ORDER BY "schema_migrations"."version" ASC[0m
Started GET "/api-docs/swagger-ui.css" for ::1 at 2021-05-10 19:05:25 -0400
Started GET "/api-docs/swagger-ui-bundle.js" for ::1 at 2021-05-10 19:05:25 -0400
Started GET "/api-docs/swagger-ui-standalone-preset.js" for ::1 at 2021-05-10 19:05:25 -0400
Started GET "/api-docs/v1/swagger.yaml" for ::1 at 2021-05-10 19:05:25 -0400
Started GET "/api-docs/favicon-32x32.png" for ::1 at 2021-05-10 19:05:25 -0400
Started GET "/api-docs/index.html" for ::1 at 2021-05-10 19:05:28 -0400
Started GET "/api-docs/swagger-ui-standalone-preset.js" for ::1 at 2021-05-10 19:05:29 -0400
Started GET "/api-docs/swagger-ui-bundle.js" for ::1 at 2021-05-10 19:05:29 -0400
Started GET "/api-docs/swagger-ui.css" for ::1 at 2021-05-10 19:05:29 -0400
Started GET "/api-docs/v1/swagger.yaml" for ::1 at 2021-05-10 19:05:29 -0400
Started GET "/api-docs/favicon-32x32.png" for ::1 at 2021-05-10 19:05:29 -0400
Started POST "/api/v1/merchantconfig/1" for 127.0.0.1 at 2021-05-10 19:08:38 -0400
  
SyntaxError (/home/alyssa/code/projects/affirm-backend/ruby/app/controllers/merchant_config_controller.rb:16: syntax error, unexpected end-of-input, expecting `end'):
  
app/controllers/merchant_config_controller.rb:16: syntax error, unexpected end-of-input, expecting `end'
app/controllers/merchant_config_controller.rb:16: syntax error, unexpected end-of-input, expecting `end'
Started POST "/api/v1/merchantconfig/1" for 127.0.0.1 at 2021-05-10 19:08:49 -0400
Processing by MerchantConfigController#submit_merchant_config as */*
  Parameters: {"id"=>"1", "merchant_config"=>{}}
Completed 204 No Content in 7ms (Allocations: 2822)


Started POST "/api/v1/merchantconfig/1" for 127.0.0.1 at 2021-05-10 19:09:17 -0400
Processing by MerchantConfigController#submit_merchant_config as */*
  Parameters: {"id"=>"1", "merchant_config"=>{}}
Completed 200 OK in 1ms (Views: 0.3ms | Allocations: 227)


Started GET "/api-docs/index.html" for ::1 at 2021-05-10 19:19:07 -0400
  [1m[35m (0.6ms)[0m  [1m[34mSELECT sqlite_version(*)[0m
  [1m[35m (0.1ms)[0m  [1m[34mSELECT "schema_migrations"."version" FROM "schema_migrations" ORDER BY "schema_migrations"."version" ASC[0m
Started GET "/api-docs/swagger-ui.css" for ::1 at 2021-05-10 19:19:07 -0400
Started GET "/api-docs/swagger-ui-bundle.js" for ::1 at 2021-05-10 19:19:07 -0400
Started GET "/api-docs/swagger-ui-standalone-preset.js" for ::1 at 2021-05-10 19:19:07 -0400
Started GET "/api-docs/v1/swagger.yaml" for ::1 at 2021-05-10 19:19:07 -0400
Started GET "/api-docs/favicon-32x32.png" for ::1 at 2021-05-10 19:19:07 -0400
Started GET "/api-docs/index.html" for ::1 at 2021-05-10 19:21:37 -0400
  [1m[35m (0.3ms)[0m  [1m[34mSELECT sqlite_version(*)[0m
  [1m[35m (0.1ms)[0m  [1m[34mSELECT "schema_migrations"."version" FROM "schema_migrations" ORDER BY "schema_migrations"."version" ASC[0m
Started GET "/api-docs/swagger-ui.css" for ::1 at 2021-05-10 19:21:38 -0400
Started GET "/api-docs/swagger-ui-bundle.js" for ::1 at 2021-05-10 19:21:38 -0400
Started GET "/api-docs/swagger-ui-standalone-preset.js" for ::1 at 2021-05-10 19:21:38 -0400
Started GET "/api-docs/v1/swagger.yaml" for ::1 at 2021-05-10 19:21:38 -0400
Started GET "/api-docs/favicon-32x32.png" for ::1 at 2021-05-10 19:21:38 -0400
Started GET "/api-docs/index.html" for ::1 at 2021-05-10 19:33:13 -0400
  [1m[35m (0.3ms)[0m  [1m[34mSELECT sqlite_version(*)[0m
  [1m[35m (0.2ms)[0m  [1m[34mSELECT "schema_migrations"."version" FROM "schema_migrations" ORDER BY "schema_migrations"."version" ASC[0m
Started GET "/api-docs/swagger-ui.css" for ::1 at 2021-05-10 19:33:13 -0400
Started GET "/api-docs/swagger-ui-bundle.js" for ::1 at 2021-05-10 19:33:13 -0400
Started GET "/api-docs/swagger-ui-standalone-preset.js" for ::1 at 2021-05-10 19:33:13 -0400
Started GET "/api-docs/v1/swagger.yaml" for ::1 at 2021-05-10 19:33:14 -0400
Started GET "/api-docs/favicon-32x32.png" for ::1 at 2021-05-10 19:33:14 -0400
Started GET "/api-docs/index.html" for ::1 at 2021-05-10 19:33:45 -0400
Started GET "/api-docs/swagger-ui-bundle.js" for ::1 at 2021-05-10 19:33:45 -0400
Started GET "/api-docs/swagger-ui-standalone-preset.js" for ::1 at 2021-05-10 19:33:45 -0400
Started GET "/api-docs/swagger-ui.css" for ::1 at 2021-05-10 19:33:45 -0400
Started GET "/api-docs/v1/swagger.yaml" for ::1 at 2021-05-10 19:33:45 -0400
Started GET "/api-docs/favicon-32x32.png" for ::1 at 2021-05-10 19:33:45 -0400
Started GET "/api-docs/index.html" for ::1 at 2021-05-10 19:34:32 -0400
Started GET "/api-docs/swagger-ui-bundle.js" for ::1 at 2021-05-10 19:34:32 -0400
Started GET "/api-docs/swagger-ui-standalone-preset.js" for ::1 at 2021-05-10 19:34:32 -0400
Started GET "/api-docs/swagger-ui.css" for ::1 at 2021-05-10 19:34:32 -0400
Started GET "/api-docs/v1/swagger.yaml" for ::1 at 2021-05-10 19:34:33 -0400
Started GET "/api-docs/favicon-32x32.png" for ::1 at 2021-05-10 19:34:33 -0400
Started POST "/api/v1/merchantconfig/1" for ::1 at 2021-05-10 19:34:57 -0400
  [1m[35m (0.3ms)[0m  [1m[34mSELECT sqlite_version(*)[0m
  [1m[35m (0.2ms)[0m  [1m[34mSELECT "schema_migrations"."version" FROM "schema_migrations" ORDER BY "schema_migrations"."version" ASC[0m
Processing by MerchantConfigController#submit_merchant_config as */*
  Parameters: {"minimum_amount"=>30000, "maximum_amount"=>200000, "prequal_enabled"=>true, "id"=>"1", "merchant_config"=>{"minimum_amount"=>30000, "maximum_amount"=>200000, "prequal_enabled"=>true}}
Completed 500 Internal Server Error in 7ms (Views: 0.2ms | ActiveRecord: 0.0ms | Allocations: 3111)


  
AbstractController::DoubleRenderError (Render and/or redirect were called multiple times in this action. Please note that you may only call render OR redirect, and at most once per action. Also note that neither redirect nor render terminate execution of the action, so if you want to exit an action after redirecting, you need to do something like "redirect_to(...) and return".):
  
app/controllers/merchant_config_controller.rb:6:in `submit_merchant_config'
Started GET "/api-docs/index.html" for ::1 at 2021-05-10 19:35:16 -0400
Started GET "/api-docs/swagger-ui.css" for ::1 at 2021-05-10 19:35:16 -0400
Started GET "/api-docs/swagger-ui-bundle.js" for ::1 at 2021-05-10 19:35:16 -0400
Started GET "/api-docs/swagger-ui-standalone-preset.js" for ::1 at 2021-05-10 19:35:16 -0400
Started GET "/api-docs/v1/swagger.yaml" for ::1 at 2021-05-10 19:35:16 -0400
Started GET "/api-docs/favicon-32x32.png" for ::1 at 2021-05-10 19:35:16 -0400
Started POST "/api/v1/merchantconfig/1" for ::1 at 2021-05-10 19:35:21 -0400
Processing by MerchantConfigController#submit_merchant_config as */*
  Parameters: {"minimum_amount"=>30000, "maximum_amount"=>200000, "prequal_enabled"=>true, "id"=>"1", "merchant_config"=>{"minimum_amount"=>30000, "maximum_amount"=>200000, "prequal_enabled"=>true}}
Completed 200 OK in 1ms (Views: 0.3ms | Allocations: 177)


Started GET "/api-docs/index.html" for ::1 at 2021-05-10 23:51:11 -0400
Started GET "/api-docs/swagger-ui.css" for ::1 at 2021-05-10 23:51:11 -0400
Started GET "/api-docs/swagger-ui-bundle.js" for ::1 at 2021-05-10 23:51:11 -0400
Started GET "/api-docs/swagger-ui-standalone-preset.js" for ::1 at 2021-05-10 23:51:11 -0400
Started GET "/api-docs/v1/swagger.yaml" for ::1 at 2021-05-10 23:51:11 -0400
Started GET "/api-docs/favicon-32x32.png" for ::1 at 2021-05-10 23:51:11 -0400
Started POST "/api/v1/merchantconfig/1" for ::1 at 2021-05-10 23:51:17 -0400
Processing by MerchantConfigController#submit_merchant_config as */*
  Parameters: {"minimum_amount"=>30000, "maximum_amount"=>200000, "prequal_enabled"=>true, "id"=>"1", "merchant_config"=>{"minimum_amount"=>30000, "maximum_amount"=>200000, "prequal_enabled"=>true}}
Completed 500 Internal Server Error in 17ms (Allocations: 2850)


  
NameError (undefined local variable or method `mimetype' for #<MerchantConfigController:0x0000000000e150>):
  
app/controllers/merchant_config_controller.rb:10:in `submit_merchant_config'
Started GET "/api-docs/index.html" for ::1 at 2021-05-10 23:51:57 -0400
Started GET "/api-docs/swagger-ui.css" for ::1 at 2021-05-10 23:51:57 -0400
Started GET "/api-docs/swagger-ui-bundle.js" for ::1 at 2021-05-10 23:51:57 -0400
Started GET "/api-docs/swagger-ui-standalone-preset.js" for ::1 at 2021-05-10 23:51:57 -0400
Started GET "/api-docs/v1/swagger.yaml" for ::1 at 2021-05-10 23:51:57 -0400
Started GET "/api-docs/favicon-32x32.png" for ::1 at 2021-05-10 23:51:57 -0400
Started POST "/api/v1/merchantconfig/1" for ::1 at 2021-05-10 23:52:01 -0400
Processing by MerchantConfigController#submit_merchant_config as */*
  Parameters: {"minimum_amount"=>30000, "maximum_amount"=>200000, "prequal_enabled"=>true, "id"=>"1", "merchant_config"=>{"minimum_amount"=>30000, "maximum_amount"=>200000, "prequal_enabled"=>true}}
Completed 400 Bad Request in 3ms (Views: 1.0ms | Allocations: 950)


